d:\workfile\cgd\trainner\x64\debug\vc140.pdb
d:\workfile\cgd\trainner\x64\debug\usbcamera.obj
d:\workfile\cgd\trainner\x64\debug\motioncard.obj
d:\workfile\cgd\trainner\x64\debug\mainwindow.obj
d:\workfile\cgd\trainner\x64\debug\main.obj
d:\workfile\cgd\trainner\x64\debug\loginwidget.obj
d:\workfile\cgd\trainner\x64\debug\lightcontrol.obj
d:\workfile\cgd\trainner\x64\debug\moc_mainwindow.obj
d:\workfile\cgd\trainner\x64\debug\moc_loginwidget.obj
d:\workfile\cgd\trainner\x64\debug\moc_lightcontrol.obj
d:\workfile\cgd\trainner\x64\debug\excelengine.obj
d:\workfile\cgd\trainner\x64\debug\dwb.obj
d:\workfile\cgd\trainner\x64\debug\qrc_trainer.obj
d:\workfile\cgd\trainner\x64\debug\setpathwidget.obj
d:\workfile\cgd\trainner\x64\debug\moc_setpathwidget.obj
d:\workfile\cgd\trainner\x64\debug\ae.obj
d:\workfile\cgd\trainner\generatedfiles\debug\moc_lightcontrol.cpp
d:\workfile\cgd\trainner\generatedfiles\ui_dialog.h
d:\workfile\cgd\trainner\generatedfiles\qrc_trainer.cpp
d:\workfile\cgd\trainner\generatedfiles\ui_widget.h
d:\workfile\cgd\trainner\generatedfiles\ui_loginwidget.h
d:\workfile\cgd\trainner\generatedfiles\debug\moc_loginwidget.cpp
d:\workfile\cgd\trainner\generatedfiles\ui_setpathwidget.h
d:\workfile\cgd\trainner\generatedfiles\debug\moc_setpathwidget.cpp
d:\workfile\cgd\trainner\generatedfiles\ui_mainwindow.h
d:\workfile\cgd\trainner\generatedfiles\debug\moc_mainwindow.cpp
d:\workfile\cgd\trainner\debug\trainer.ilk
d:\workfile\cgd\trainner\debug\trainer.exe
d:\workfile\cgd\trainner\debug\trainer.pdb
d:\workfile\cgd\trainner\x64\debug\trainer.tlog\cl.command.1.tlog
d:\workfile\cgd\trainner\x64\debug\trainer.tlog\cl.read.1.tlog
d:\workfile\cgd\trainner\x64\debug\trainer.tlog\cl.write.1.tlog
d:\workfile\cgd\trainner\x64\debug\trainer.tlog\custombuild.command.1.tlog
d:\workfile\cgd\trainner\x64\debug\trainer.tlog\custombuild.read.1.tlog
d:\workfile\cgd\trainner\x64\debug\trainer.tlog\custombuild.write.1.tlog
d:\workfile\cgd\trainner\x64\debug\trainer.tlog\link.command.1.tlog
d:\workfile\cgd\trainner\x64\debug\trainer.tlog\link.read.1.tlog
d:\workfile\cgd\trainner\x64\debug\trainer.tlog\link.write.1.tlog
