e:\cgd\trainner\win32\debug\vc140.pdb
e:\cgd\trainner\win32\debug\motioncard.obj
e:\cgd\trainner\win32\debug\mainwindow.obj
e:\cgd\trainner\win32\debug\main.obj
e:\cgd\trainner\win32\debug\moc_mainwindow.obj
e:\cgd\trainner\win32\debug\qrc_trainer.obj
e:\cgd\trainner\generatedfiles\debug\moc_mainwindow.cpp
e:\cgd\trainner\generatedfiles\ui_mainwindow.h
e:\cgd\trainner\generatedfiles\qrc_trainer.cpp
e:\cgd\trainner\debug\trainer.ilk
e:\cgd\trainner\debug\trainer.exe
e:\cgd\trainner\debug\trainer.pdb
e:\cgd\trainner\win32\debug\trainer.tlog\cl.command.1.tlog
e:\cgd\trainner\win32\debug\trainer.tlog\cl.read.1.tlog
e:\cgd\trainner\win32\debug\trainer.tlog\cl.write.1.tlog
e:\cgd\trainner\win32\debug\trainer.tlog\custombuild.command.1.tlog
e:\cgd\trainner\win32\debug\trainer.tlog\custombuild.read.1.tlog
e:\cgd\trainner\win32\debug\trainer.tlog\custombuild.write.1.tlog
e:\cgd\trainner\win32\debug\trainer.tlog\link.command.1.tlog
e:\cgd\trainner\win32\debug\trainer.tlog\link.read.1.tlog
e:\cgd\trainner\win32\debug\trainer.tlog\link.write.1.tlog
